Arguments: 
  /usr/bin/node /usr/share/yarn/bin/yarn.js exec keppler PERDU --host 51.254.203.15 --port 80 --limit 200

PATH: 
  /home/hazegard/.rbenv/plugins/ruby-build/bin:/home/hazegard/.rbenv/shims:/home/hazegard/.rbenv/bin:/home/hazegard/bin:/home/hazegard/.local/bin:/usr/local/sbin:/usr/local/bin:/usr/sbin:/usr/bin:/sbin:/bin:/usr/games:/usr/local/games:/opt/cmake/bin:/snap/bin

Yarn version: 
  1.5.1

Node version: 
  9.8.0

Platform: 
  linux x64

npm manifest: 
  No manifest

yarn manifest: 
  No manifest

Lockfile: 
  No lockfile

Trace: 
  Error: Couldn't find the binary keppler
      at ProcessSpawnError.MessageError (/usr/share/yarn/lib/cli.js:186:110)
      at new ProcessSpawnError (/usr/share/yarn/lib/cli.js:201:118)
      at ChildProcess.<anonymous> (/usr/share/yarn/lib/cli.js:30237:18)
      at ChildProcess.emit (events.js:180:13)
      at Process.ChildProcess._handle.onexit (internal/child_process.js:207:12)
      at onErrorNT (internal/child_process.js:379:16)
      at process._tickCallback (internal/process/next_tick.js:114:19)
